<?xml version="1.0" encoding="UTF-8"?>
<!-- Generated by org.testng.reporters.JUnitXMLReporter -->
<testsuite ignored="0" hostname="LAPTOP-KBV6SF0Q" failures="0" tests="4" name="E-Commerce Functional Test" time="37.181" errors="0" timestamp="2025-06-25T13:00:42 IST">
  <testcase classname="testCases.ECommerceTests" name="verifyHomeAndCategory" time="2.478"/>
  <testcase classname="testCases.ECommerceTests" name="selectAndAddProductsToCart" time="17.089"/>
  <testcase classname="testCases.ECommerceTests" name="verifyCartAndCheckout" time="3.45"/>
  <testcase classname="testCases.ECommerceTests" name="registrationNegativeScenario" time="6.148"/>
</testsuite> <!-- E-Commerce Functional Test -->
