<?xml version="1.0" encoding="UTF-8"?>
<!-- Generated by org.testng.reporters.JUnitXMLReporter -->
<testsuite ignored="0" hostname="LAPTOP-KBV6SF0Q" failures="0" tests="4" name="E-Commerce Functional Test" time="25.327" errors="0" timestamp="2025-06-25T13:39:55 IST">
  <testcase classname="testCases.ECommerceTests" name="verifyHomeAndCategory" time="1.607"/>
  <testcase classname="testCases.ECommerceTests" name="selectAndAddProductsToCart" time="10.809"/>
  <testcase classname="testCases.ECommerceTests" name="verifyCartAndCheckout" time="2.971"/>
  <testcase classname="testCases.ECommerceTests" name="registrationNegativeScenario" time="3.215"/>
</testsuite> <!-- E-Commerce Functional Test -->
